build/app/outputs/mapping/release/seeds.txt
com.google.android.gms.internal.firebase-auth-api.zzul: com.google.android.gms.internal.firebase-auth-api.zzul zza(com.google.android.gms.internal.firebase-auth-api.zzug)
com.google.android.gms.internal.measurement.zzgd: java.lang.String zzI()
com.google.android.gms.internal.measurement.zzbo: void zze(android.os.Parcel,android.os.IInterface)
com.google.android.gms.internal.measurement.zzoo: long zza()
com.google.android.gms.internal.firebase-auth-api.zzann: java.lang.Object initialValue()
com.google.android.gms.internal.measurement.zzam: void zzr(java.lang.String,com.google.android.gms.internal.measurement.zzap)
com.google.android.recaptcha.internal.zzn: zzn()
com.google.android.gms.internal.firebase-auth-api.zzama: void zzA(java.util.List)
com.google.android.gms.internal.firebase-auth-api.zzaew: void zzs(com.google.android.gms.internal.firebase-auth-api.zzaex)
com.google.android.gms.internal.measurement.zzph: zzph()
com.google.android.gms.internal.firebase-auth-api.zzael: java.lang.String zzb()
com.google.android.gms.internal.firebase-auth-api.zzpl: com.google.android.gms.internal.firebase-auth-api.zzalp zzb(com.google.android.gms.internal.firebase-auth-api.zzajf)
com.google.android.recaptcha.internal.zziy: int hashCode()
com.google.android.gms.internal.firebase-auth-api.zzag: zzag(int)
com.google.android.gms.internal.firebase-auth-api.zzabz: void zzN(com.google.android.gms.internal.firebase-auth-api.zzagu,com.google.android.gms.internal.firebase-auth-api.zzadx)
com.google.android.gms.internal.auth.zzeb: java.lang.String zzg(java.nio.charset.Charset)
com.google.android.gms.internal.measurement.zzqo: zzqo()
com.google.android.gms.internal.measurement.zzov: boolean zzc()
com.google.android.gms.internal.firebase-auth-api.zzaap: zzaap(com.google.android.gms.internal.firebase-auth-api.zzabz,com.google.android.gms.internal.firebase-auth-api.zzadx)
com.google.android.gms.internal.firebase-auth-api.zzakb: com.google.android.gms.internal.firebase-auth-api.zzanl zzb()
com.google.android.gms.internal.firebase-auth-api.zzanf: int zzc(java.lang.Object,long)
com.google.android.gms.internal.measurement.zzjx: int zzc()
com.google.android.recaptcha.internal.zziu: zziu(com.google.android.recaptcha.internal.zziy,com.google.android.recaptcha.internal.zzit)
com.google.android.gms.internal.firebase-auth-api.zzco: com.google.android.gms.internal.firebase-auth-api.zzwi zzd(com.google.android.gms.internal.firebase-auth-api.zzajf)
com.google.android.gms.internal.auth.zzfz: int zzm(java.lang.Object,byte[],int,int,int,long,com.google.android.gms.internal.auth.zzds)
com.google.android.gms.internal.firebase-auth-api.zzwx: com.google.android.gms.internal.firebase-auth-api.zzwx zza(com.google.android.gms.internal.firebase-auth-api.zzwz)
com.google.android.gms.common.api.GoogleApi: GoogleApi(android.app.Activity,com.google.android.gms.common.api.Api,com.google.android.gms.common.api.Api$ApiOptions,com.google.android.gms.common.api.internal.StatusExceptionMapper)
io.grpc.internal.DnsNameResolver$JdkAddressResolver: io.grpc.internal.DnsNameResolver$JdkAddressResolver[] values()
com.google.android.recaptcha.internal.zziy: int size()
com.google.android.gms.internal.firebase-auth-api.zzu: java.lang.String zzd(int,int,java.lang.String)
com.dexterous.flutterlocalnotifications.FlutterLocalNotificationsPlugin: void createNotificationChannelGroup(io.flutter.plugin.common.MethodCall,io.flutter.plugin.common.MethodChannel$Result)
com.google.android.gms.internal.firebase-auth-api.zzads: void zzb()
com.google.android.gms.internal.firebase-auth-api.zztg: void zzf(com.google.android.gms.internal.firebase-auth-api.zztg,int)
com.google.android.gms.internal.firebase-auth-api.zzrr: com.google.android.gms.internal.firebase-auth-api.zzrr zzb(com.google.android.gms.internal.firebase-auth-api.zzro)
com.google.android.play.core.integrity.s: s(com.google.android.play.core.integrity.t,com.google.android.gms.tasks.TaskCompletionSource)