build/app/outputs/mapping/release/mapping.txt
# compiler: R8
# compiler_version: 3.1.66
# min_api: 22
# pg_map_id: bd8b59d
# common_typos_disable
# {"id":"com.android.tools.r8.mapping","version":"1.0"}
...
io.flutter.embedding.android.KeyboardManager$PerEventCallbackBuilder -> io.flutter.embedding.android.r$c:
    android.view.KeyEvent keyEvent -> a
    io.flutter.embedding.android.KeyboardManager this$0 -> d
    int unrepliedCount -> b
    boolean isEventHandled -> c
    io.flutter.embedding.android.KeyboardManager$Responder$OnKeyEventHandledCallback buildCallback() -> a
io.flutter.embedding.android.KeyboardManager$PerEventCallbackBuilder$Callback -> io.flutter.embedding.android.r$c$a:
    io.flutter.embedding.android.KeyboardManager$PerEventCallbackBuilder this$1 -> b
    boolean isCalled -> a
    void onKeyEventHandled(boolean) -> a
io.flutter.embedding.android.KeyboardManager$Responder -> io.flutter.embedding.android.r$d:
    void handleEvent(android.view.KeyEvent,io.flutter.embedding.android.KeyboardManager$Responder$OnKeyEventHandledCallback) -> a
io.flutter.embedding.android.KeyboardManager$Responder$OnKeyEventHandledCallback -> io.flutter.embedding.android.r$d$a:
    void onKeyEventHandled(boolean) -> a
io.flutter.embedding.android.KeyboardManager$ViewDelegate -> io.flutter.embedding.android.r$e:
    void redispatch(android.view.KeyEvent) -> a
    boolean onTextInputKeyEvent(android.view.KeyEvent) -> c
io.flutter.embedding.android.KeyboardMap -> io.flutter.embedding.android.s:
    java.util.HashMap keyCodeToLogical -> b
    java.util.HashMap scanCodeToPhysical -> a
    io.flutter.embedding.android.KeyboardMap$PressingGoal[] pressingGoals -> c
    io.flutter.embedding.android.KeyboardMap$TogglingGoal[] getTogglingGoals() -> a
io.flutter.embedding.android.KeyboardMap$1 -> io.flutter.embedding.android.s$a:
io.flutter.embedding.android.KeyboardMap$2 -> io.flutter.embedding.android.s$b:
io.flutter.embedding.android.KeyboardMap$KeyPair -> io.flutter.embedding.android.s$c:
    long logicalKey -> b
    long physicalKey -> a
io.flutter.embedding.android.KeyboardMap$PressingGoal -> io.flutter.embedding.android.s$d:
    io.flutter.embedding.android.KeyboardMap$KeyPair[] keys -> b
    int mask -> a
io.flutter.embedding.android.KeyboardMap$TogglingGoal -> io.flutter.embedding.android.s$e:
    long physicalKey -> b
    long logicalKey -> c
    int mask -> a
    boolean enabled -> d
io.flutter.embedding.android.MotionEventTracker -> io.flutter.embedding.android.t:
    java.util.PriorityQueue unusedEvents -> b
    android.util.LongSparseArray eventById -> a
    io.flutter.embedding.android.MotionEventTracker INSTANCE -> c
    io.flutter.embedding.android.MotionEventTracker getInstance() -> a
    android.view.MotionEvent pop(io.flutter.embedding.android.MotionEventTracker$MotionEventId) -> b
    io.flutter.embedding.android.MotionEventTracker$MotionEventId track(android.view.MotionEvent) -> c
io.flutter.embedding.android.MotionEventTracker$MotionEventId -> io.flutter.embedding.android.t$a:
    java.util.concurrent.atomic.AtomicLong ID_COUNTER -> b
    long id -> a
    long access$000(io.flutter.embedding.android.MotionEventTracker$MotionEventId) -> a
    io.flutter.embedding.android.MotionEventTracker$MotionEventId createUnique() -> b
    io.flutter.embedding.android.MotionEventTracker$MotionEventId from(long) -> c
    long getId() -> d
io.flutter.embedding.android.RenderMode -> io.flutter.embedding.android.u:
    io.flutter.embedding.android.RenderMode texture -> f
    io.flutter.embedding.android.RenderMode image -> g
    io.flutter.embedding.android.RenderMode[] $VALUES -> h
    io.flutter.embedding.android.RenderMode surface -> e
io.flutter.embedding.android.TransparencyMode -> io.flutter.embedding.android.v:
    io.flutter.embedding.android.TransparencyMode transparent -> f
    io.flutter.embedding.android.TransparencyMode opaque -> e
    io.flutter.embedding.android.TransparencyMode[] $VALUES -> g