build/app/outputs/mapping/release/usage.txt
com.google.android.gms.auth.api.phone.SmsCodeRetriever
com.google.android.gms.auth.api.phone.SmsRetriever:
    public static final java.lang.String EXTRA_CONSENT_INTENT
    public static final java.lang.String EXTRA_SIM_SUBSCRIPTION_ID
    public static final java.lang.String EXTRA_SMS_MESSAGE
    public static final java.lang.String EXTRA_STATUS
    public static final java.lang.String SEND_PERMISSION
    public static final java.lang.String SMS_RETRIEVED_ACTION
    private void <init>()
    public static com.google.android.gms.auth.api.phone.SmsRetrieverClient getClient(android.app.Activity)
com.google.android.gms.auth.api.phone.SmsRetrieverApi
com.google.android.gms.auth.api.phone.SmsRetrieverStatusCodes
com.google.android.gms.auth.api.proxy.AuthApiStatusCodes
com.google.android.gms.auth.api.proxy.ProxyApi$ProxyResult
com.google.android.gms.auth.api.proxy.ProxyApi$SpatulaHeaderResult
com.google.android.gms.auth.api.proxy.ProxyApi:
    public abstract com.google.android.gms.common.api.PendingResult getSpatulaHeader(com.google.android.gms.common.api.GoogleApiClient)
    public abstract com.google.android.gms.common.api.PendingResult performProxyRequest(com.google.android.gms.common.api.GoogleApiClient,com.google.android.gms.auth.api.proxy.ProxyRequest)
com.google.android.gms.auth.api.proxy.ProxyClient
com.google.android.gms.auth.api.proxy.ProxyRequest$Builder
com.google.android.gms.auth.api.proxy.ProxyRequest:
    public static final int VERSION_CODE
    public java.util.Map getHeaderMap()
com.google.android.gms.auth.api.proxy.ProxyResponse:
    public static final int STATUS_CODE_NO_CONNECTION
    public void <init>(int,android.app.PendingIntent,int,android.os.Bundle,byte[])
    public void <init>(int,java.util.Map,byte[])
    public static com.google.android.gms.auth.api.proxy.ProxyResponse createErrorProxyResponse(int,android.app.PendingIntent,int,java.util.Map,byte[])
    public java.util.Map getHeaders()
    private static android.os.Bundle zza(java.util.Map)
com.google.android.gms.auth.api.signin.GoogleSignIn:
    private void <init>()
    public static com.google.android.gms.auth.api.signin.GoogleSignInAccount getAccountForExtension(android.content.Context,com.google.android.gms.auth.api.signin.GoogleSignInOptionsExtension)
    public static varargs com.google.android.gms.auth.api.signin.GoogleSignInAccount getAccountForScopes(android.content.Context,com.google.android.gms.common.api.Scope,com.google.android.gms.common.api.Scope[])
    public static com.google.android.gms.auth.api.signin.GoogleSignInClient getClient(android.app.Activity,com.google.android.gms.auth.api.signin.GoogleSignInOptions)
    public static com.google.android.gms.auth.api.signin.GoogleSignInAccount getLastSignedInAccount(android.content.Context)
    public static com.google.android.gms.tasks.Task getSignedInAccountFromIntent(android.content.Intent)
    public static boolean hasPermissions(com.google.android.gms.auth.api.signin.GoogleSignInAccount,com.google.android.gms.auth.api.signin.GoogleSignInOptionsExtension)
    public static varargs boolean hasPermissions(com.google.android.gms.auth.api.signin.GoogleSignInAccount,com.google.android.gms.common.api.Scope[])
    public static void requestPermissions(android.app.Activity,int,com.google.android.gms.auth.api.signin.GoogleSignInAccount,com.google.android.gms.auth.api.signin.GoogleSignInOptionsExtension)